# JRE version: OpenJDK Runtime Environment (21.0.4) (build 21.0.4+-12508038-b607.1)
# Java VM: OpenJDK 64-Bit Server VM (21.0.4+-12508038-b607.1, mixed mode, tiered, compressed oops, compressed class ptrs, g1 gc, windows-amd64)
GC Precious Log:
 CardTable entry size: 512
 Card Set container configuration: InlinePtr #cards 5 size 8 Array Of Cards #cards 12 size 40 Howl #buckets 4 coarsen threshold 1843 Howl Bitmap #cards 512 size 80 coarsen threshold 460 Card regions per heap region 1 cards per card region 2048
 CPUs: 16 total, 16 available
 Memory: 16108M
 Large Page Support: Disabled
 NUMA Support: Disabled
 Compressed Oops: Enabled (32-bit)
 Heap Region Size: 1M
 Heap Min Capacity: 8M
 Heap Initial Capacity: 252M
 Heap Max Capacity: 2G
 Pre-touch: Disabled
 Parallel Workers: 13
 Concurrent Workers: 3
 Concurrent Refinement Workers: 13
 Periodic GC: Disabled
Heap:
 garbage-first heap   total 436224K, used 341793K [0x0000000080000000, 0x0000000100000000)
  region size 1024K, 122 young (124928K), 10 survivors (10240K)
 Metaspace       used 236927K, committed 238720K, reserved 1310720K
  class space    used 30397K, committed 31296K, reserved 1048576K
GC Heap History (20 events):
Event: 1676.236 GC heap before
{Heap before GC invocations=79 (full 0):
 garbage-first heap   total 413696K, used 247756K [0x0000000080000000, 0x0000000100000000)
  region size 1024K, 27 young (27648K), 9 survivors (9216K)
 Metaspace       used 178718K, committed 181312K, reserved 1245184K
  class space    used 23774K, committed 25088K, reserved 1048576K
}
Event: 1676.241 GC heap after
{Heap after GC invocations=80 (full 0):
 garbage-first heap   total 413696K, used 233420K [0x0000000080000000, 0x0000000100000000)
  region size 1024K, 13 young (13312K), 13 survivors (13312K)
 Metaspace       used 178718K, committed 181312K, reserved 1245184K
  class space    used 23774K, committed 25088K, reserved 1048576K
}
Event: 2511.238 GC heap before
{Heap before GC invocations=81 (full 0):
 garbage-first heap   total 413696K, used 383948K [0x0000000080000000, 0x0000000100000000)
  region size 1024K, 146 young (149504K), 13 survivors (13312K)
 Metaspace       used 178927K, committed 181504K, reserved 1245184K
  class space    used 23779K, committed 25088K, reserved 1048576K
}
Event: 2511.259 GC heap after
{Heap after GC invocations=82 (full 0):
 garbage-first heap   total 413696K, used 245828K [0x0000000080000000, 0x0000000100000000)
  region size 1024K, 19 young (19456K), 19 survivors (19456K)
 Metaspace       used 178927K, committed 181504K, reserved 1245184K
  class space    used 23779K, committed 25088K, reserved 1048576K
}
Event: 2516.141 GC heap before
{Heap before GC invocations=82 (full 0):
 garbage-first heap   total 413696K, used 384068K [0x0000000080000000, 0x0000000100000000)
  region size 1024K, 134 young (137216K), 19 survivors (19456K)
 Metaspace       used 179376K, committed 181952K, reserved 1245184K
  class space    used 23800K, committed 25088K, reserved 1048576K
}
Event: 2516.161 GC heap after
{Heap after GC invocations=83 (full 0):
 garbage-first heap   total 424960K, used 259912K [0x0000000080000000, 0x0000000100000000)
  region size 1024K, 17 young (17408K), 17 survivors (17408K)
 Metaspace       used 179376K, committed 181952K, reserved 1245184K
  class space    used 23800K, committed 25088K, reserved 1048576K
}
Event: 2516.417 GC heap before
{Heap before GC invocations=83 (full 0):
 garbage-first heap   total 424960K, used 287560K [0x0000000080000000, 0x0000000100000000)
  region size 1024K, 45 young (46080K), 17 survivors (17408K)
 Metaspace       used 179516K, committed 182080K, reserved 1245184K
  class space    used 23808K, committed 25088K, reserved 1048576K
}
Event: 2516.424 GC heap after
{Heap after GC invocations=84 (full 0):
 garbage-first heap   total 424960K, used 253161K [0x0000000080000000, 0x0000000100000000)
  region size 1024K, 3 young (3072K), 3 survivors (3072K)
 Metaspace       used 179516K, committed 182080K, reserved 1245184K
  class space    used 23808K, committed 25088K, reserved 1048576K
}
Event: 2517.319 GC heap before
{Heap before GC invocations=85 (full 0):
 garbage-first heap   total 424960K, used 388329K [0x0000000080000000, 0x0000000100000000)
  region size 1024K, 129 young (132096K), 3 survivors (3072K)
 Metaspace       used 176228K, committed 181888K, reserved 1245184K
  class space    used 23051K, committed 25088K, reserved 1048576K
}
Event: 2517.322 GC heap after
{Heap after GC invocations=86 (full 0):
 garbage-first heap   total 424960K, used 242023K [0x0000000080000000, 0x0000000100000000)
  region size 1024K, 1 young (1024K), 1 survivors (1024K)
 Metaspace       used 176228K, committed 181888K, reserved 1245184K
  class space    used 23051K, committed 25088K, reserved 1048576K
}
Event: 3450.116 GC heap before
{Heap before GC invocations=86 (full 0):
 garbage-first heap   total 424960K, used 388455K [0x0000000080000000, 0x0000000100000000)
  region size 1024K, 145 young (148480K), 1 survivors (1024K)
 Metaspace       used 178536K, committed 181952K, reserved 1245184K
  class space    used 23350K, committed 25088K, reserved 1048576K
}
Event: 3450.137 GC heap after
{Heap after GC invocations=87 (full 0):
 garbage-first heap   total 424960K, used 223596K [0x0000000080000000, 0x0000000100000000)
  region size 1024K, 9 young (9216K), 9 survivors (9216K)
 Metaspace       used 178536K, committed 181952K, reserved 1245184K
  class space    used 23350K, committed 25088K, reserved 1048576K
}
Event: 5971.112 GC heap before
{Heap before GC invocations=87 (full 0):
 garbage-first heap   total 424960K, used 389484K [0x0000000080000000, 0x0000000100000000)
  region size 1024K, 172 young (176128K), 9 survivors (9216K)
 Metaspace       used 180446K, committed 182656K, reserved 1245184K
  class space    used 23589K, committed 25088K, reserved 1048576K
}
Event: 5971.153 GC heap after
{Heap after GC invocations=88 (full 0):
 garbage-first heap   total 424960K, used 219365K [0x0000000080000000, 0x0000000100000000)
  region size 1024K, 7 young (7168K), 7 survivors (7168K)
 Metaspace       used 180446K, committed 182656K, reserved 1245184K
  class space    used 23589K, committed 25088K, reserved 1048576K
}
Event: 5973.861 GC heap before
{Heap before GC invocations=88 (full 0):
 garbage-first heap   total 424960K, used 344293K [0x0000000080000000, 0x0000000100000000)
  region size 1024K, 131 young (134144K), 7 survivors (7168K)
 Metaspace       used 197062K, committed 198656K, reserved 1245184K
  class space    used 26126K, committed 26944K, reserved 1048576K
}
Event: 5973.873 GC heap after
{Heap after GC invocations=89 (full 0):
 garbage-first heap   total 424960K, used 222616K [0x0000000080000000, 0x0000000100000000)
  region size 1024K, 10 young (10240K), 10 survivors (10240K)
 Metaspace       used 197062K, committed 198656K, reserved 1245184K
  class space    used 26126K, committed 26944K, reserved 1048576K
}
Event: 5975.758 GC heap before
{Heap before GC invocations=90 (full 0):
 garbage-first heap   total 424960K, used 402840K [0x0000000080000000, 0x0000000100000000)
  region size 1024K, 175 young (179200K), 10 survivors (10240K)
 Metaspace       used 209416K, committed 211200K, reserved 1245184K
  class space    used 27466K, committed 28352K, reserved 1048576K
}
Event: 5975.777 GC heap after
{Heap after GC invocations=91 (full 0):
 garbage-first heap   total 431104K, used 244486K [0x0000000080000000, 0x0000000100000000)
  region size 1024K, 22 young (22528K), 22 survivors (22528K)
 Metaspace       used 209416K, committed 211200K, reserved 1245184K
  class space    used 27466K, committed 28352K, reserved 1048576K
}
Event: 5977.096 GC heap before
{Heap before GC invocations=91 (full 0):
 garbage-first heap   total 431104K, used 386822K [0x0000000080000000, 0x0000000100000000)
  region size 1024K, 160 young (163840K), 22 survivors (22528K)
 Metaspace       used 222010K, committed 223808K, reserved 1245184K
  class space    used 28862K, committed 29760K, reserved 1048576K
}
Event: 5977.113 GC heap after
{Heap after GC invocations=92 (full 0):
 garbage-first heap   total 436224K, used 228129K [0x0000000080000000, 0x0000000100000000)
  region size 1024K, 10 young (10240K), 10 survivors (10240K)
 Metaspace       used 222010K, committed 223808K, reserved 1245184K
  class space    used 28862K, committed 29760K, reserved 1048576K
}

